<?xml version="1.0" encoding="UTF-8"?>
<!-- Generated by org.testng.reporters.JUnitXMLReporter -->
<testsuite ignored="2" hostname="JVBRRR" failures="0" tests="1" name="Default test" time="0.044" errors="0" timestamp="2022-09-09T20:37:39 IST">
  <testcase classname="ddt.OrganizationTest" name="deleteOrgTest" time="0.012"/>
  <testcase classname="ddt.OrganizationTest" name="modifyTest" time="0.0">
    <ignored/>
  </testcase> <!-- modifyTest -->
  <testcase classname="ddt.OrganizationTest" name="createOrgTest" time="0.0">
    <ignored/>
  </testcase> <!-- createOrgTest -->
</testsuite> <!-- Default test -->
